[Licensing::Module] Trying to connect to existing licensing client channel...
Built from '6000.3/staging' branch; Version is '6000.3.9f1 (7a9955a4f2fa) revision 8034645'; Using compiler version '194234433'; Build Type 'Release'
OS: 'Windows 11  (10.0.26200) Professional' Language: 'ko' Physical Memory: 65315 MB
[Licensing::IpcConnector] Successfully connected to: "LicenseClient-l_l07" at "2026-05-11T03:35:55.2379766Z"
BatchMode: 1, IsHumanControllingUs: 0, StartBugReporterOnCrash: 0, Is64bit: 1
System  architecture: x64
Process architecture: x64
Date: 2026-05-11T03:35:55Z

COMMAND LINE ARGUMENTS:
C:\Program Files\Unity\Hub\Editor\6000.3.9f1\Editor\Unity.exe
-adb2
-batchMode
-noUpm
-name
AssetImportWorker4
-projectPath
C:/Unity/networkteamproject-SadSmileXD/NetWorkProject
-logFile
Logs/AssetImportWorker4.log
-srvPort
58429
-licensingIpc
LicenseClient-l_l07
-job-worker-count
5
-background-job-worker-count
8
-gc-helper-count
1
-name
AssetImport
Successfully changed project path to: C:/Unity/networkteamproject-SadSmileXD/NetWorkProject
C:/Unity/networkteamproject-SadSmileXD/NetWorkProject
[UnityMemory] Configuration Parameters - Can be set up in boot.config
    "memorysetup-temp-allocator-size-nav-mesh-worker=65536"
    "memorysetup-temp-allocator-size-audio-worker=65536"
    "memorysetup-temp-allocator-size-gfx=262144"
    "memorysetup-allocator-temp-initial-block-size-main=262144"
    "memorysetup-allocator-temp-initial-block-size-worker=262144"
    "memorysetup-temp-allocator-size-background-worker=32768"
    "memorysetup-temp-allocator-size-job-worker=262144"
    "memorysetup-temp-allocator-size-preload-manager=33554432"
    "memorysetup-temp-allocator-size-gi-baking-worker=262144"
    "memorysetup-temp-allocator-size-gi-baking-worker=262144"
    "memorysetup-temp-allocator-size-gi-baking-worker=262144"
    "memorysetup-temp-allocator-size-gi-baking-worker=262144"
    "memorysetup-temp-allocator-size-gi-baking-worker=262144"
    "memorysetup-bucket-allocator-granularity=16"
    "memorysetup-bucket-allocator-bucket-count=8"
    "memorysetup-bucket-allocator-block-size=33554432"
    "memorysetup-bucket-allocator-block-count=8"
    "memorysetup-main-allocator-block-size=16777216"
    "memorysetup-thread-allocator-block-size=16777216"
    "memorysetup-gfx-main-allocator-block-size=16777216"
    "memorysetup-gfx-thread-allocator-block-size=16777216"
    "memorysetup-cache-allocator-block-size=4194304"
    "memorysetup-typetree-allocator-block-size=2097152"
    "memorysetup-profiler-bucket-allocator-granularity=16"
    "memorysetup-profiler-bucket-allocator-bucket-count=8"
    "memorysetup-profiler-bucket-allocator-block-size=33554432"
    "memorysetup-profiler-bucket-allocator-block-count=8"
    "memorysetup-profiler-allocator-block-size=16777216"
    "memorysetup-profiler-editor-allocator-block-size=1048576"
    "memorysetup-temp-allocator-size-main=16777216"
    "memorysetup-job-temp-allocator-block-size=2097152"
    "memorysetup-job-temp-allocator-block-size-background=1048576"
    "memorysetup-job-temp-allocator-reduction-small-platforms=262144"
    "memorysetup-temp-allocator-size-cloud-worker=32768"
Player connection [16564]  Target information:

Player connection [16564]  * "[IP] 192.168.200.194 [Port] 0 [Flags] 2 [Guid] 698472303 [EditorId] 698472303 [Version] 1048832 [Id] WindowsEditor(7,SadSmile) [Debug] 1 [PackageName] WindowsEditor [ProjectName] Editor" 

Player connection [16564] Host joined multi-casting on [225.0.0.222:54997]...
Player connection [16564] Host joined alternative multi-casting on [225.0.0.222:34997]...
JobSystem: Creating JobQueue using job-worker-count value 5
Input System module state changed to: Initialized.
[Physics::Module] Initialized fallback backend.
[Physics::Module] Id: 0xdecafbad
Library Redirect Path: Library/
[Physics::Module] Selected backend.
[Physics::Module] Name: PhysX
[Physics::Module] Id: 0xf2b8ea05
[Physics::Module] SDK Version: 4.1.2
[Physics::Module] Integration Version: 1.0.0
[Physics::Module] Threading Mode: Multi-Threaded
Refreshing native plugins compatible for Editor in 21.20 ms, found 7 plugins.
Preloading 0 native plugins for Editor in 0.00 ms.
Initialize engine version: 6000.3.9f1 (7a9955a4f2fa)
[Subsystems] Discovering subsystems at path C:/Program Files/Unity/Hub/Editor/6000.3.9f1/Editor/Data/Resources/UnitySubsystems
[Subsystems] Discovering subsystems at path C:/Unity/networkteamproject-SadSmileXD/NetWorkProject/Assets
GfxDevice: creating device client; kGfxThreadingModeNonThreaded
Direct3D:
    Version:  Direct3D 11.0 [level 11.1]
    Renderer: NVIDIA GeForce RTX 3050 Laptop GPU (ID=0x25a2)
    Vendor:   NVIDIA
    VRAM:     3962 MB
    Driver:   32.0.15.9579
Initialize mono
Mono path[0] = 'C:/Program Files/Unity/Hub/Editor/6000.3.9f1/Editor/Data/Managed'
Mono path[1] = 'C:/Program Files/Unity/Hub/Editor/6000.3.9f1/Editor/Data/MonoBleedingEdge/lib/mono/unityjit-win32'
Mono config path = 'C:/Program Files/Unity/Hub/Editor/6000.3.9f1/Editor/Data/MonoBleedingEdge/etc'
Using monoOptions --debugger-agent=transport=dt_socket,embedding=1,server=y,suspend=n,address=127.0.0.1:56648
Begin MonoManager ReloadAssembly
Registering precompiled unity dll's ...
Register platform support module: C:/Program Files/Unity/Hub/Editor/6000.3.9f1/Editor/Data/PlaybackEngines/MacStandaloneSupport/UnityEditor.OSXStandalone.Extensions.dll
Register platform support module: C:/Program Files/Unity/Hub/Editor/6000.3.9f1/Editor/Data/PlaybackEngines/WindowsStandaloneSupport/UnityEditor.WindowsStandalone.Extensions.dll
[Licensing::Module] Licensing is not yet initialized.
[Licensing::Client] Handshaking with LicensingClient:
  Version:                 1.17.4+4293ba1
  Session Id:              1ffc1a53b707429788bfcdfc0bc23837
  Correlation Id:          95dfa63ff3e027ef434b2b2a97c0d0a5
  External correlation Id: 6235127012684151400
  Machine Id:              Ti74YY6JpR7d4NBAACX7cTUSoJw=
[Licensing::Module] Successfully connected to LicensingClient on channel: "LicenseClient-l_l07" (connect: 0.00s, validation: 0.00s, handshake: 1.46s)
[Licensing::IpcConnector] Successfully connected to: "LicenseClient-l_l07-notifications" at "2026-05-11T03:35:56.7054993Z"
[Licensing::Module] Licensing Background thread has ended after 1.47s
[Licensing::Module] Licensing is initialized (took 0.23s).
[Licensing::Client] Successfully resolved entitlement details
[Licensing::Module] License group:
  Id: 14568925754099-UnityPersXXXX
  Product: Unity Personal
  Type: Assigned
  Expiration: Unlimited
Register platform support module: C:/Program Files/Unity/Hub/Editor/6000.3.9f1/Editor/Data/PlaybackEngines/AndroidPlayer/UnityEditor.Android.Extensions.dll
Registered in 0.233548 seconds.
- Loaded All Assemblies, in  0.862 seconds
Native extension for Android target not found
Android Extension - Scanning For ADB Devices 267 ms
Native extension for WindowsStandalone target not found
Native extension for OSXStandalone target not found
ScheduleIndexationOnStartup MainProcess:False IndexOnStartup:True
Mono: successfully reloaded assembly
- Finished resetting the current domain, in  0.797 seconds
Domain Reload Profiling: 1656ms
	BeginReloadAssembly (234ms)
		ExecutionOrderSort (0ms)
		DisableScriptedObjects (0ms)
		BackupInstance (0ms)
		ReleaseScriptingObjects (0ms)
		CreateAndSetChildDomain (2ms)
	RebuildCommonClasses (74ms)
	RebuildNativeTypeToScriptingClass (22ms)
	initialDomainReloadingComplete (309ms)
	LoadAllAssembliesAndSetupDomain (221ms)
		LoadAssemblies (229ms)
		RebuildTransferFunctionScriptingTraits (0ms)
		AnalyzeDomain (214ms)
			TypeCache.Refresh (211ms)
				TypeCache.ScanAssembly (195ms)
			BuildScriptInfoCaches (0ms)
			ResolveRequiredComponents (1ms)
	FinalizeReload (797ms)
		ReleaseScriptCaches (0ms)
		RebuildScriptCaches (0ms)
		SetupLoadedEditorAssemblies (737ms)
			LogAssemblyErrors (0ms)
			InitializePlatformSupportModulesInManaged (370ms)
			SetLoadedEditorAssemblies (6ms)
			BeforeProcessingInitializeOnLoad (102ms)
			ProcessInitializeOnLoadAttributes (170ms)
			ProcessInitializeOnLoadMethodAttributes (88ms)
			AfterProcessingInitializeOnLoad (0ms)
			EditorAssembliesLoaded (0ms)
		ExecutionOrderSort2 (0ms)
		AwakeInstancesAfterBackupRestoration (0ms)
========================================================================
Worker process is ready to serve import requests
Import Worker Mode flag is 0x00
Begin MonoManager ReloadAssembly
[Licensing::Client] Successfully resolved entitlement details
Symbol file LoadedFromMemory is not a mono symbol file
- Loaded All Assemblies, in  1.176 seconds
Refreshing native plugins compatible for Editor in 5.67 ms, found 7 plugins.
Native extension for Android target not found
Native extension for WindowsStandalone target not found
Native extension for OSXStandalone target not found
Refreshing native plugins compatible for Editor in 6.38 ms, found 7 plugins.
Package Manager log level set to [2]
[Package Manager] Failed to launch server process. Reason: Unity was launched with the -noUpm command-line argument
[Package Manager] Unable to send message (not connected to server process).
[Package Manager] Cannot connect to Unity Package Manager local server
ScheduleIndexationOnStartup MainProcess:False IndexOnStartup:True
Mono: successfully reloaded assembly
- Finished resetting the current domain, in  1.552 seconds
Domain Reload Profiling: 2722ms
	BeginReloadAssembly (206ms)
		ExecutionOrderSort (0ms)
		DisableScriptedObjects (9ms)
		BackupInstance (0ms)
		ReleaseScriptingObjects (0ms)
		CreateAndSetChildDomain (41ms)
	RebuildCommonClasses (42ms)
	RebuildNativeTypeToScriptingClass (13ms)
	initialDomainReloadingComplete (75ms)
	LoadAllAssembliesAndSetupDomain (833ms)
		LoadAssemblies (526ms)
		RebuildTransferFunctionScriptingTraits (0ms)
		AnalyzeDomain (414ms)
			TypeCache.Refresh (271ms)
				TypeCache.ScanAssembly (244ms)
			BuildScriptInfoCaches (125ms)
			ResolveRequiredComponents (13ms)
	FinalizeReload (1553ms)
		ReleaseScriptCaches (0ms)
		RebuildScriptCaches (0ms)
		SetupLoadedEditorAssemblies (1279ms)
			LogAssemblyErrors (0ms)
			InitializePlatformSupportModulesInManaged (12ms)
			SetLoadedEditorAssemblies (8ms)
			BeforeProcessingInitializeOnLoad (296ms)
			ProcessInitializeOnLoadAttributes (710ms)
			ProcessInitializeOnLoadMethodAttributes (244ms)
			AfterProcessingInitializeOnLoad (7ms)
			EditorAssembliesLoaded (1ms)
		ExecutionOrderSort2 (0ms)
		AwakeInstancesAfterBackupRestoration (8ms)
Launched and connected shader compiler UnityShaderCompiler.exe after 0.02 seconds
Refreshing native plugins compatible for Editor in 9.95 ms, found 7 plugins.
Preloading 0 native plugins for Editor in 0.00 ms.
Unloading 16 Unused Serialized files (Serialized files now loaded: 0)
Unloading 8916 unused Assets / (5.2 MB). Loaded Objects now: 9709.
Memory consumption went from 166.0 MB to 160.8 MB.
Total: 13.587500 ms (FindLiveObjects: 1.199800 ms CreateObjectMapping: 0.993300 ms MarkObjects: 7.763200 ms  DeleteObjects: 3.629800 ms)

========================================================================
Received Import Request.
  Time since last request: 17002.115641 seconds.
  path: Assets/01ImportAssets/Hexagon/Hexagon.prefab
  artifactKey: Guid(86da383f679199e4a949469825523528) Importer(815301076,1909f56bfc062723c751e8b465ee728b)
Start importing Assets/01ImportAssets/Hexagon/Hexagon.prefab using Guid(86da383f679199e4a949469825523528) Importer(815301076,1909f56bfc062723c751e8b465ee728b) (PreviewImporter) -> (artifact id: 'b11a84bc6e4729273ce1445c6d486c24') in 0.7303368 seconds
Number of updated asset objects reloaded before import = 0Number of asset objects unloaded after import = 23

========================================================================
Received Import Request.
  Time since last request: 4.414137 seconds.
  path: Assets/02Scenes/TestScene/Make_Player.unity
  artifactKey: Guid(98dd9ce592bb93f4ca247941b7e8363c) Importer(815301076,1909f56bfc062723c751e8b465ee728b)
Start importing Assets/02Scenes/TestScene/Make_Player.unity using Guid(98dd9ce592bb93f4ca247941b7e8363c) Importer(815301076,1909f56bfc062723c751e8b465ee728b) (PreviewImporter) -> (artifact id: 'e19a7e4e6784cf4fb81182024708339c') in 0.0010288 seconds
Number of updated asset objects reloaded before import = 0Number of asset objects unloaded after import = 0

========================================================================
Received Import Request.
  Time since last request: 4.056566 seconds.
  path: Assets/01ImportAssets/Surreal-Skyboxes/Artic_Demo.unity
  artifactKey: Guid(f24c487efb14f8b43b3fd214df0fe8c1) Importer(815301076,1909f56bfc062723c751e8b465ee728b)
Start importing Assets/01ImportAssets/Surreal-Skyboxes/Artic_Demo.unity using Guid(f24c487efb14f8b43b3fd214df0fe8c1) Importer(815301076,1909f56bfc062723c751e8b465ee728b) (PreviewImporter) -> (artifact id: 'c086e97a10a660be93dea669054b977e') in 0.0007897 seconds
Number of updated asset objects reloaded before import = 0Number of asset objects unloaded after import = 0

========================================================================
Received Import Request.
  Time since last request: 2.568360 seconds.
  path: Assets/01ImportAssets/Surreal-Skyboxes/City_Demo.unity
  artifactKey: Guid(20003435a930af94eacaf898f0314d12) Importer(815301076,1909f56bfc062723c751e8b465ee728b)
Start importing Assets/01ImportAssets/Surreal-Skyboxes/City_Demo.unity using Guid(20003435a930af94eacaf898f0314d12) Importer(815301076,1909f56bfc062723c751e8b465ee728b) (PreviewImporter) -> (artifact id: '885d4aa48e4858fcba473794226d2693') in 0.0009146 seconds
Number of updated asset objects reloaded before import = 0Number of asset objects unloaded after import = 0

========================================================================
Received Import Request.
  Time since last request: 3.060450 seconds.
  path: Assets/01ImportAssets/Surreal-Skyboxes/Cyberspace_Demo.unity
  artifactKey: Guid(c1ca37e82fb5b56419d82960f21741a9) Importer(815301076,1909f56bfc062723c751e8b465ee728b)
Start importing Assets/01ImportAssets/Surreal-Skyboxes/Cyberspace_Demo.unity using Guid(c1ca37e82fb5b56419d82960f21741a9) Importer(815301076,1909f56bfc062723c751e8b465ee728b) (PreviewImporter) -> (artifact id: 'db27156dee1d411509a7130fc3a0aee7') in 0.0007139 seconds
Number of updated asset objects reloaded before import = 0Number of asset objects unloaded after import = 0

========================================================================
Received Import Request.
  Time since last request: 1.407331 seconds.
  path: Assets/01ImportAssets/Surreal-Skyboxes/Desert_Demo.unity
  artifactKey: Guid(f6c4610e79769704cba440d25fe710d4) Importer(815301076,1909f56bfc062723c751e8b465ee728b)
Start importing Assets/01ImportAssets/Surreal-Skyboxes/Desert_Demo.unity using Guid(f6c4610e79769704cba440d25fe710d4) Importer(815301076,1909f56bfc062723c751e8b465ee728b) (PreviewImporter) -> (artifact id: '6ed2c5356af5d4e8ae58b12fe4e4189d') in 0.0009477 seconds
Number of updated asset objects reloaded before import = 0Number of asset objects unloaded after import = 0

========================================================================
Received Import Request.
  Time since last request: 1.631625 seconds.
  path: Assets/01ImportAssets/Surreal-Skyboxes/Desert_Sunset_Demo.unity
  artifactKey: Guid(e2826209eb25e4b49bdd99b049919cbb) Importer(815301076,1909f56bfc062723c751e8b465ee728b)
Start importing Assets/01ImportAssets/Surreal-Skyboxes/Desert_Sunset_Demo.unity using Guid(e2826209eb25e4b49bdd99b049919cbb) Importer(815301076,1909f56bfc062723c751e8b465ee728b) (PreviewImporter) -> (artifact id: '39e86f01929c6807ee2760b71eca9611') in 0.0012691 seconds
Number of updated asset objects reloaded before import = 0Number of asset objects unloaded after import = 0

========================================================================
Received Import Request.
  Time since last request: 1.016659 seconds.
  path: Assets/01ImportAssets/Surreal-Skyboxes/Forest_Demo.unity
  artifactKey: Guid(fb90f5a1c709d63428a96f42ff915e2c) Importer(815301076,1909f56bfc062723c751e8b465ee728b)
Start importing Assets/01ImportAssets/Surreal-Skyboxes/Forest_Demo.unity using Guid(fb90f5a1c709d63428a96f42ff915e2c) Importer(815301076,1909f56bfc062723c751e8b465ee728b) (PreviewImporter) -> (artifact id: '813a8d7e5642a022b2fdc491686b7a8c') in 0.0010888 seconds
Number of updated asset objects reloaded before import = 0Number of asset objects unloaded after import = 0

========================================================================
Received Import Request.
  Time since last request: 2.248695 seconds.
  path: Assets/01ImportAssets/Surreal-Skyboxes/Forest_Night_Demo.unity
  artifactKey: Guid(8f1393212aa946e48861e651a08a28b7) Importer(815301076,1909f56bfc062723c751e8b465ee728b)
Start importing Assets/01ImportAssets/Surreal-Skyboxes/Forest_Night_Demo.unity using Guid(8f1393212aa946e48861e651a08a28b7) Importer(815301076,1909f56bfc062723c751e8b465ee728b) (PreviewImporter) -> (artifact id: 'ea40c6798f9b41ccad1505d7374d5dd7') in 0.0009807 seconds
Number of updated asset objects reloaded before import = 0Number of asset objects unloaded after import = 0

========================================================================
Received Import Request.
  Time since last request: 1.755051 seconds.
  path: Assets/01ImportAssets/Surreal-Skyboxes/Forest_Sunset_Demo.unity
  artifactKey: Guid(38a72900f907b1348a3a4666f2d2f131) Importer(815301076,1909f56bfc062723c751e8b465ee728b)
Start importing Assets/01ImportAssets/Surreal-Skyboxes/Forest_Sunset_Demo.unity using Guid(38a72900f907b1348a3a4666f2d2f131) Importer(815301076,1909f56bfc062723c751e8b465ee728b) (PreviewImporter) -> (artifact id: '1c0474d1a5ec23530c265cb3d606ca13') in 0.0006973 seconds
Number of updated asset objects reloaded before import = 0Number of asset objects unloaded after import = 0

========================================================================
Received Import Request.
  Time since last request: 1.036439 seconds.
  path: Assets/01ImportAssets/Surreal-Skyboxes/Hills_Art_Demo.unity
  artifactKey: Guid(01f7985cee7cbcc4689463469794e58f) Importer(815301076,1909f56bfc062723c751e8b465ee728b)
Start importing Assets/01ImportAssets/Surreal-Skyboxes/Hills_Art_Demo.unity using Guid(01f7985cee7cbcc4689463469794e58f) Importer(815301076,1909f56bfc062723c751e8b465ee728b) (PreviewImporter) -> (artifact id: 'a3a56ca3e051c7adc6d7d72cbf2cd8f5') in 0.0010222 seconds
Number of updated asset objects reloaded before import = 0Number of asset objects unloaded after import = 0

========================================================================
Received Import Request.
  Time since last request: 20.160158 seconds.
  path: Assets/01ImportAssets/Surreal-Skyboxes/Textures/forest_sunset.png
  artifactKey: Guid(5b32a95f3f659b249bd26c3d6df31566) Importer(815301076,1909f56bfc062723c751e8b465ee728b)
Start importing Assets/01ImportAssets/Surreal-Skyboxes/Textures/forest_sunset.png using Guid(5b32a95f3f659b249bd26c3d6df31566) Importer(815301076,1909f56bfc062723c751e8b465ee728b) (PreviewImporter) -> (artifact id: '87c67b37556ecf6284be4392fc96d75f') in 0.030378 seconds
Number of updated asset objects reloaded before import = 0Number of asset objects unloaded after import = 2

========================================================================
Received Import Request.
  Time since last request: 1.245509 seconds.
  path: Assets/01ImportAssets/Surreal-Skyboxes/Textures/hills_art.png
  artifactKey: Guid(98030ee2070d1f040a6a59264ad67e4d) Importer(815301076,1909f56bfc062723c751e8b465ee728b)
Start importing Assets/01ImportAssets/Surreal-Skyboxes/Textures/hills_art.png using Guid(98030ee2070d1f040a6a59264ad67e4d) Importer(815301076,1909f56bfc062723c751e8b465ee728b) (PreviewImporter) -> (artifact id: '8aa7dd3f565c977386d43bec58114894') in 0.0206869 seconds
Number of updated asset objects reloaded before import = 0Number of asset objects unloaded after import = 2

========================================================================
Received Import Request.
  Time since last request: 4.952112 seconds.
  path: Assets/01ImportAssets/Surreal-Skyboxes/Hills_Art_Sunset_Demo.unity
  artifactKey: Guid(93286eeb2ac134e498f91d199a569a17) Importer(815301076,1909f56bfc062723c751e8b465ee728b)
Start importing Assets/01ImportAssets/Surreal-Skyboxes/Hills_Art_Sunset_Demo.unity using Guid(93286eeb2ac134e498f91d199a569a17) Importer(815301076,1909f56bfc062723c751e8b465ee728b) (PreviewImporter) -> (artifact id: '84fa38941d4a99e25204c3f6803d88c9') in 0.0008442 seconds
Number of updated asset objects reloaded before import = 0Number of asset objects unloaded after import = 0

========================================================================
Received Import Request.
  Time since last request: 2.641457 seconds.
  path: Assets/01ImportAssets/Surreal-Skyboxes/Mountains_Art_Demo.unity
  artifactKey: Guid(2f6c412612a24334f906cd3a9139b020) Importer(815301076,1909f56bfc062723c751e8b465ee728b)
Start importing Assets/01ImportAssets/Surreal-Skyboxes/Mountains_Art_Demo.unity using Guid(2f6c412612a24334f906cd3a9139b020) Importer(815301076,1909f56bfc062723c751e8b465ee728b) (PreviewImporter) -> (artifact id: '9c0a7d428b04dc0319fea8170a63d3c5') in 0.0007469 seconds
Number of updated asset objects reloaded before import = 0Number of asset objects unloaded after import = 0

========================================================================
Received Import Request.
  Time since last request: 2.282772 seconds.
  path: Assets/01ImportAssets/Surreal-Skyboxes/Mountains_Art_Sunset_Demo.unity
  artifactKey: Guid(21c396a6b7348f54e9eae73779f57aa2) Importer(815301076,1909f56bfc062723c751e8b465ee728b)
Start importing Assets/01ImportAssets/Surreal-Skyboxes/Mountains_Art_Sunset_Demo.unity using Guid(21c396a6b7348f54e9eae73779f57aa2) Importer(815301076,1909f56bfc062723c751e8b465ee728b) (PreviewImporter) -> (artifact id: '9d30d35aa3f87c91f293e6add4c158fd') in 0.0008638 seconds
Number of updated asset objects reloaded before import = 0Number of asset objects unloaded after import = 0

========================================================================
Received Import Request.
  Time since last request: 0.933712 seconds.
  path: Assets/01ImportAssets/Surreal-Skyboxes/Mountains_Demo.unity
  artifactKey: Guid(9ff474bdf6f8b084db35dab461195696) Importer(815301076,1909f56bfc062723c751e8b465ee728b)
Start importing Assets/01ImportAssets/Surreal-Skyboxes/Mountains_Demo.unity using Guid(9ff474bdf6f8b084db35dab461195696) Importer(815301076,1909f56bfc062723c751e8b465ee728b) (PreviewImporter) -> (artifact id: 'd8b43d2ddac2f555f43fd7de1f3ce48f') in 0.0007728 seconds
Number of updated asset objects reloaded before import = 0Number of asset objects unloaded after import = 0

========================================================================
Received Import Request.
  Time since last request: 4.990832 seconds.
  path: Assets/01ImportAssets/Surreal-Skyboxes/Mushroom_Demo.unity
  artifactKey: Guid(cc1ce41aa4b792d45904564431cced39) Importer(815301076,1909f56bfc062723c751e8b465ee728b)
Start importing Assets/01ImportAssets/Surreal-Skyboxes/Mushroom_Demo.unity using Guid(cc1ce41aa4b792d45904564431cced39) Importer(815301076,1909f56bfc062723c751e8b465ee728b) (PreviewImporter) -> (artifact id: '3affce5d2716f4ec08896d2f2258f0b9') in 0.0011228 seconds
Number of updated asset objects reloaded before import = 0Number of asset objects unloaded after import = 0

========================================================================
Received Import Request.
  Time since last request: 4.070129 seconds.
  path: Assets/01ImportAssets/Surreal-Skyboxes/Textures/mountains_art_sunset.png
  artifactKey: Guid(4e16dc6cac65ab64baf8332d4def7463) Importer(815301076,1909f56bfc062723c751e8b465ee728b)
Start importing Assets/01ImportAssets/Surreal-Skyboxes/Textures/mountains_art_sunset.png using Guid(4e16dc6cac65ab64baf8332d4def7463) Importer(815301076,1909f56bfc062723c751e8b465ee728b) (PreviewImporter) -> (artifact id: '6461948487174b1e34d59ae064383273') in 0.0198821 seconds
Number of updated asset objects reloaded before import = 0Number of asset objects unloaded after import = 2

========================================================================
Received Import Request.
  Time since last request: 62.861953 seconds.
  path: Assets/02Scenes/TestScene/Test_GameScene.unity
  artifactKey: Guid(cf02030cee9e5c04aba18e32be4b87f4) Importer(815301076,1909f56bfc062723c751e8b465ee728b)
Start importing Assets/02Scenes/TestScene/Test_GameScene.unity using Guid(cf02030cee9e5c04aba18e32be4b87f4) Importer(815301076,1909f56bfc062723c751e8b465ee728b) (PreviewImporter) -> (artifact id: '4526f584de77b0299e965e0dbbc24790') in 0.0007411 seconds
Number of updated asset objects reloaded before import = 0Number of asset objects unloaded after import = 0

========================================================================
Received Prepare
Begin MonoManager ReloadAssembly
[Licensing::Client] Successfully resolved entitlement details
Symbol file LoadedFromMemory is not a mono symbol file
- Loaded All Assemblies, in  1.341 seconds
Refreshing native plugins compatible for Editor in 9.18 ms, found 7 plugins.
Native extension for Android target not found
Native extension for WindowsStandalone target not found
Native extension for OSXStandalone target not found
[Package Manager] Failed to launch server process. Reason: Unity was launched with the -noUpm command-line argument
[Package Manager] Unable to send message (not connected to server process).
[Package Manager] Cannot connect to Unity Package Manager local server
ScheduleIndexationOnStartup MainProcess:False IndexOnStartup:True
Mono: successfully reloaded assembly
- Finished resetting the current domain, in  1.612 seconds
Domain Reload Profiling: 2955ms
	BeginReloadAssembly (364ms)
		ExecutionOrderSort (0ms)
		DisableScriptedObjects (36ms)
		BackupInstance (0ms)
		ReleaseScriptingObjects (0ms)
		CreateAndSetChildDomain (118ms)
	RebuildCommonClasses (55ms)
	RebuildNativeTypeToScriptingClass (16ms)
	initialDomainReloadingComplete (69ms)
	LoadAllAssembliesAndSetupDomain (838ms)
		LoadAssemblies (618ms)
		RebuildTransferFunctionScriptingTraits (0ms)
		AnalyzeDomain (347ms)
			TypeCache.Refresh (13ms)
				TypeCache.ScanAssembly (0ms)
			BuildScriptInfoCaches (313ms)
			ResolveRequiredComponents (15ms)
	FinalizeReload (1613ms)
		ReleaseScriptCaches (0ms)
		RebuildScriptCaches (0ms)
		SetupLoadedEditorAssemblies (1316ms)
			LogAssemblyErrors (0ms)
			InitializePlatformSupportModulesInManaged (13ms)
			SetLoadedEditorAssemblies (9ms)
			BeforeProcessingInitializeOnLoad (367ms)
			ProcessInitializeOnLoadAttributes (656ms)
			ProcessInitializeOnLoadMethodAttributes (264ms)
			AfterProcessingInitializeOnLoad (7ms)
			EditorAssembliesLoaded (1ms)
		ExecutionOrderSort2 (0ms)
		AwakeInstancesAfterBackupRestoration (43ms)
Refreshing native plugins compatible for Editor in 7.74 ms, found 7 plugins.
Preloading 0 native plugins for Editor in 0.00 ms.
Unloading 16 Unused Serialized files (Serialized files now loaded: 0)
Unloading 8913 unused Assets / (5.3 MB). Loaded Objects now: 9760.
Memory consumption went from 181.2 MB to 175.9 MB.
Total: 20.226700 ms (FindLiveObjects: 1.141900 ms CreateObjectMapping: 0.962300 ms MarkObjects: 12.632800 ms  DeleteObjects: 5.488400 ms)

Prepare: number of updated asset objects reloaded= 0
========================================================================
Received Prepare
Begin MonoManager ReloadAssembly
Symbol file LoadedFromMemory is not a mono symbol file
- Loaded All Assemblies, in  1.232 seconds
Refreshing native plugins compatible for Editor in 6.81 ms, found 7 plugins.
Native extension for Android target not found
Native extension for WindowsStandalone target not found
Native extension for OSXStandalone target not found
[Package Manager] Failed to launch server process. Reason: Unity was launched with the -noUpm command-line argument
[Package Manager] Unable to send message (not connected to server process).
[Package Manager] Cannot connect to Unity Package Manager local server
ScheduleIndexationOnStartup MainProcess:False IndexOnStartup:True
Mono: successfully reloaded assembly
- Finished resetting the current domain, in  1.521 seconds
Domain Reload Profiling: 2751ms
	BeginReloadAssembly (295ms)
		ExecutionOrderSort (0ms)
		DisableScriptedObjects (7ms)
		BackupInstance (0ms)
		ReleaseScriptingObjects (0ms)
		CreateAndSetChildDomain (87ms)
	RebuildCommonClasses (44ms)
	RebuildNativeTypeToScriptingClass (15ms)
	initialDomainReloadingComplete (68ms)
	LoadAllAssembliesAndSetupDomain (807ms)
		LoadAssemblies (607ms)
		RebuildTransferFunctionScriptingTraits (0ms)
		AnalyzeDomain (328ms)
			TypeCache.Refresh (11ms)
				TypeCache.ScanAssembly (0ms)
			BuildScriptInfoCaches (297ms)
			ResolveRequiredComponents (13ms)
	FinalizeReload (1522ms)
		ReleaseScriptCaches (0ms)
		RebuildScriptCaches (0ms)
		SetupLoadedEditorAssemblies (1256ms)
			LogAssemblyErrors (0ms)
			InitializePlatformSupportModulesInManaged (13ms)
			SetLoadedEditorAssemblies (7ms)
			BeforeProcessingInitializeOnLoad (336ms)
			ProcessInitializeOnLoadAttributes (632ms)
			ProcessInitializeOnLoadMethodAttributes (260ms)
			AfterProcessingInitializeOnLoad (7ms)
			EditorAssembliesLoaded (1ms)
		ExecutionOrderSort2 (0ms)
		AwakeInstancesAfterBackupRestoration (48ms)
Refreshing native plugins compatible for Editor in 8.78 ms, found 7 plugins.
Preloading 0 native plugins for Editor in 0.00 ms.
Unloading 16 Unused Serialized files (Serialized files now loaded: 0)
Unloading 8912 unused Assets / (5.0 MB). Loaded Objects now: 9764.
Memory consumption went from 180.9 MB to 175.9 MB.
Total: 23.111800 ms (FindLiveObjects: 1.308600 ms CreateObjectMapping: 2.213800 ms MarkObjects: 11.016800 ms  DeleteObjects: 8.571100 ms)

Prepare: number of updated asset objects reloaded= 0
========================================================================
Received Prepare
Begin MonoManager ReloadAssembly
[Licensing::Client] Successfully resolved entitlement details
Symbol file LoadedFromMemory is not a mono symbol file
- Loaded All Assemblies, in  1.622 seconds
Refreshing native plugins compatible for Editor in 8.49 ms, found 7 plugins.
Native extension for Android target not found
Native extension for WindowsStandalone target not found
Native extension for OSXStandalone target not found
[Package Manager] Failed to launch server process. Reason: Unity was launched with the -noUpm command-line argument
[Package Manager] Unable to send message (not connected to server process).
[Package Manager] Cannot connect to Unity Package Manager local server
ScheduleIndexationOnStartup MainProcess:False IndexOnStartup:True
Mono: successfully reloaded assembly
- Finished resetting the current domain, in  1.668 seconds
Domain Reload Profiling: 3294ms
	BeginReloadAssembly (359ms)
		ExecutionOrderSort (0ms)
		DisableScriptedObjects (14ms)
		BackupInstance (0ms)
		ReleaseScriptingObjects (0ms)
		CreateAndSetChildDomain (105ms)
	RebuildCommonClasses (59ms)
	RebuildNativeTypeToScriptingClass (18ms)
	initialDomainReloadingComplete (73ms)
	LoadAllAssembliesAndSetupDomain (1117ms)
		LoadAssemblies (775ms)
		RebuildTransferFunctionScriptingTraits (0ms)
		AnalyzeDomain (481ms)
			TypeCache.Refresh (29ms)
				TypeCache.ScanAssembly (4ms)
			BuildScriptInfoCaches (424ms)
			ResolveRequiredComponents (20ms)
	FinalizeReload (1668ms)
		ReleaseScriptCaches (0ms)
		RebuildScriptCaches (0ms)
		SetupLoadedEditorAssemblies (1388ms)
			LogAssemblyErrors (0ms)
			InitializePlatformSupportModulesInManaged (15ms)
			SetLoadedEditorAssemblies (12ms)
			BeforeProcessingInitializeOnLoad (381ms)
			ProcessInitializeOnLoadAttributes (684ms)
			ProcessInitializeOnLoadMethodAttributes (290ms)
			AfterProcessingInitializeOnLoad (5ms)
			EditorAssembliesLoaded (1ms)
		ExecutionOrderSort2 (0ms)
		AwakeInstancesAfterBackupRestoration (42ms)
WARNING: Shader Unsupported: 'Hidden/Toon Shaders Pro/URP/Toon (Terrain Base Pass)' - All subshaders removed
WARNING: Shader Did you use #pragma only_renderers and omit this platform?
WARNING: Shader If subshaders removal was intentional, you may have forgotten turning Fallback off?
WARNING: Shader Unsupported: 'Hidden/Toon Shaders Pro/URP/Toon (Terrain Base Pass)' - All subshaders removed
WARNING: Shader Did you use #pragma only_renderers and omit this platform?
WARNING: Shader If subshaders removal was intentional, you may have forgotten turning Fallback off?
WARNING: Shader Unsupported: 'Toon Shaders Pro/URP/Toon (Terrain)' - All subshaders removed
WARNING: Shader Did you use #pragma only_renderers and omit this platform?
WARNING: Shader If subshaders removal was intentional, you may have forgotten turning Fallback off?
WARNING: Shader Unsupported: 'Toon Shaders Pro/URP/Toon (Terrain)' - All subshaders removed
WARNING: Shader Did you use #pragma only_renderers and omit this platform?
WARNING: Shader If subshaders removal was intentional, you may have forgotten turning Fallback off?
Refreshing native plugins compatible for Editor in 10.45 ms, found 7 plugins.
Preloading 0 native plugins for Editor in 0.00 ms.
Unloading 24 Unused Serialized files (Serialized files now loaded: 0)
Unloading 8929 unused Assets / (7.9 MB). Loaded Objects now: 9777.
Memory consumption went from 184.2 MB to 176.4 MB.
Total: 18.351700 ms (FindLiveObjects: 1.400100 ms CreateObjectMapping: 1.265500 ms MarkObjects: 7.936400 ms  DeleteObjects: 7.747200 ms)

Prepare: number of updated asset objects reloaded= 0
========================================================================
Received Prepare
WARNING: Shader Unsupported: 'Hidden/Toon Shaders Pro/URP/Toon (Terrain Base Pass)' - All subshaders removed
WARNING: Shader Did you use #pragma only_renderers and omit this platform?
WARNING: Shader If subshaders removal was intentional, you may have forgotten turning Fallback off?
WARNING: Shader Unsupported: 'Hidden/Toon Shaders Pro/URP/Toon (Terrain Base Pass)' - All subshaders removed
WARNING: Shader Did you use #pragma only_renderers and omit this platform?
WARNING: Shader If subshaders removal was intentional, you may have forgotten turning Fallback off?
WARNING: Shader Unsupported: 'Toon Shaders Pro/URP/Toon (Terrain)' - All subshaders removed
WARNING: Shader Did you use #pragma only_renderers and omit this platform?
WARNING: Shader If subshaders removal was intentional, you may have forgotten turning Fallback off?
WARNING: Shader Unsupported: 'Toon Shaders Pro/URP/Toon (Terrain)' - All subshaders removed
WARNING: Shader Did you use #pragma only_renderers and omit this platform?
WARNING: Shader If subshaders removal was intentional, you may have forgotten turning Fallback off?
Refreshing native plugins compatible for Editor in 12.00 ms, found 7 plugins.
Preloading 0 native plugins for Editor in 0.00 ms.
Unloading 24 Unused Serialized files (Serialized files now loaded: 0)
Unloading 8894 unused Assets / (6.9 MB). Loaded Objects now: 9777.
Memory consumption went from 177.8 MB to 170.9 MB.
Total: 16.160700 ms (FindLiveObjects: 1.167000 ms CreateObjectMapping: 1.086300 ms MarkObjects: 7.404600 ms  DeleteObjects: 6.501000 ms)

Prepare: number of updated asset objects reloaded= 0
========================================================================
Received Import Request.
  Time since last request: 289.460892 seconds.
  path: Assets/01ImportAssets/Toon Shaders Pro/Textures
  artifactKey: Guid(8041942ad1ede5743856c3bfda530a54) Importer(815301076,1909f56bfc062723c751e8b465ee728b)
Start importing Assets/01ImportAssets/Toon Shaders Pro/Textures using Guid(8041942ad1ede5743856c3bfda530a54) Importer(815301076,1909f56bfc062723c751e8b465ee728b) (PreviewImporter) -> (artifact id: '186f6b515b606633217ddd637f028acf') in 0.0489761 seconds
Number of updated asset objects reloaded before import = 0Number of asset objects unloaded after import = 0

========================================================================
Received Prepare
Begin MonoManager ReloadAssembly
Symbol file LoadedFromMemory is not a mono symbol file
- Loaded All Assemblies, in  1.286 seconds
Refreshing native plugins compatible for Editor in 9.88 ms, found 7 plugins.
Native extension for Android target not found
Native extension for WindowsStandalone target not found
Native extension for OSXStandalone target not found
[Package Manager] Failed to launch server process. Reason: Unity was launched with the -noUpm command-line argument
[Package Manager] Unable to send message (not connected to server process).
[Package Manager] Cannot connect to Unity Package Manager local server
ScheduleIndexationOnStartup MainProcess:False IndexOnStartup:True
Mono: successfully reloaded assembly
- Finished resetting the current domain, in  1.574 seconds
Domain Reload Profiling: 2862ms
	BeginReloadAssembly (313ms)
		ExecutionOrderSort (0ms)
		DisableScriptedObjects (10ms)
		BackupInstance (0ms)
		ReleaseScriptingObjects (0ms)
		CreateAndSetChildDomain (102ms)
	RebuildCommonClasses (51ms)
	RebuildNativeTypeToScriptingClass (17ms)
	initialDomainReloadingComplete (72ms)
	LoadAllAssembliesAndSetupDomain (834ms)
		LoadAssemblies (594ms)
		RebuildTransferFunctionScriptingTraits (0ms)
		AnalyzeDomain (355ms)
			TypeCache.Refresh (18ms)
				TypeCache.ScanAssembly (3ms)
			BuildScriptInfoCaches (310ms)
			ResolveRequiredComponents (17ms)
	FinalizeReload (1575ms)
		ReleaseScriptCaches (0ms)
		RebuildScriptCaches (0ms)
		SetupLoadedEditorAssemblies (1297ms)
			LogAssemblyErrors (0ms)
			InitializePlatformSupportModulesInManaged (13ms)
			SetLoadedEditorAssemblies (9ms)
			BeforeProcessingInitializeOnLoad (342ms)
			ProcessInitializeOnLoadAttributes (669ms)
			ProcessInitializeOnLoadMethodAttributes (256ms)
			AfterProcessingInitializeOnLoad (6ms)
			EditorAssembliesLoaded (1ms)
		ExecutionOrderSort2 (0ms)
		AwakeInstancesAfterBackupRestoration (47ms)
WARNING: Shader Unsupported: 'Hidden/Toon Shaders Pro/URP/Toon (Terrain Base Pass)' - All subshaders removed
WARNING: Shader Did you use #pragma only_renderers and omit this platform?
WARNING: Shader If subshaders removal was intentional, you may have forgotten turning Fallback off?
WARNING: Shader Unsupported: 'Hidden/Toon Shaders Pro/URP/Toon (Terrain Base Pass)' - All subshaders removed
WARNING: Shader Did you use #pragma only_renderers and omit this platform?
WARNING: Shader If subshaders removal was intentional, you may have forgotten turning Fallback off?
WARNING: Shader Unsupported: 'Toon Shaders Pro/URP/Toon (Terrain)' - All subshaders removed
WARNING: Shader Did you use #pragma only_renderers and omit this platform?
WARNING: Shader If subshaders removal was intentional, you may have forgotten turning Fallback off?
WARNING: Shader Unsupported: 'Toon Shaders Pro/URP/Toon (Terrain)' - All subshaders removed
WARNING: Shader Did you use #pragma only_renderers and omit this platform?
WARNING: Shader If subshaders removal was intentional, you may have forgotten turning Fallback off?
Refreshing native plugins compatible for Editor in 8.93 ms, found 7 plugins.
Preloading 0 native plugins for Editor in 0.00 ms.
Unloading 24 Unused Serialized files (Serialized files now loaded: 0)
Unloading 8929 unused Assets / (6.6 MB). Loaded Objects now: 9781.
Memory consumption went from 184.4 MB to 177.8 MB.
Total: 16.005600 ms (FindLiveObjects: 1.018500 ms CreateObjectMapping: 2.109300 ms MarkObjects: 8.134800 ms  DeleteObjects: 4.741000 ms)

Prepare: number of updated asset objects reloaded= 0
========================================================================
Received Import Request.
  Time since last request: 11.470901 seconds.
  path: Assets/01ImportAssets/Toon Shaders Pro/Textures/PerlinNoise.png
  artifactKey: Guid(8519d82149537e748b80981a70629161) Importer(815301076,1909f56bfc062723c751e8b465ee728b)
Start importing Assets/01ImportAssets/Toon Shaders Pro/Textures/PerlinNoise.png using Guid(8519d82149537e748b80981a70629161) Importer(815301076,1909f56bfc062723c751e8b465ee728b) (PreviewImporter) -> (artifact id: 'c323f6f74b0c196bb54461d5a683d716') in 0.0835555 seconds
Number of updated asset objects reloaded before import = 0Number of asset objects unloaded after import = 2

========================================================================
Received Import Request.
  Time since last request: 31.162626 seconds.
  path: Assets/01ImportAssets/Toon Shaders Pro/Demo
  artifactKey: Guid(d951539bc3ed5c340b7fb9993ee8b291) Importer(815301076,1909f56bfc062723c751e8b465ee728b)
Start importing Assets/01ImportAssets/Toon Shaders Pro/Demo using Guid(d951539bc3ed5c340b7fb9993ee8b291) Importer(815301076,1909f56bfc062723c751e8b465ee728b) (PreviewImporter) -> (artifact id: '2530ba5571e313d061d4c1ccbd1772bd') in 0.0007658 seconds
Number of updated asset objects reloaded before import = 0Number of asset objects unloaded after import = 0

========================================================================
Received Import Request.
  Time since last request: 0.582049 seconds.
  path: Assets/01ImportAssets/Toon Shaders Pro/Demo/DemoScene.asset
  artifactKey: Guid(0d83c947184adf542b153df61051fed4) Importer(815301076,1909f56bfc062723c751e8b465ee728b)
Start importing Assets/01ImportAssets/Toon Shaders Pro/Demo/DemoScene.asset using Guid(0d83c947184adf542b153df61051fed4) Importer(815301076,1909f56bfc062723c751e8b465ee728b) (PreviewImporter) -> (artifact id: '5e690c96cca8b1c72237d63e49042991') in 0.0059537 seconds
Number of updated asset objects reloaded before import = 0Number of asset objects unloaded after import = 5

========================================================================
Received Import Request.
  Time since last request: 0.000027 seconds.
  path: Assets/01ImportAssets/Toon Shaders Pro/Demo/URP-Toon-Renderer.asset
  artifactKey: Guid(cbcea0af1c8130d46a99aa58c0c3f865) Importer(815301076,1909f56bfc062723c751e8b465ee728b)
Start importing Assets/01ImportAssets/Toon Shaders Pro/Demo/URP-Toon-Renderer.asset using Guid(cbcea0af1c8130d46a99aa58c0c3f865) Importer(815301076,1909f56bfc062723c751e8b465ee728b) (PreviewImporter) -> (artifact id: '446ca633d80052e0c1043a5dc2e5c6b1') in 0.004967 seconds
Number of updated asset objects reloaded before import = 0Number of asset objects unloaded after import = 4

========================================================================
Received Import Request.
  Time since last request: 2.229539 seconds.
  path: Assets/01ImportAssets/Toon Shaders Pro/Demo/DemoScene.unity
  artifactKey: Guid(911be6be89c63334595ad4ac54e63b96) Importer(815301076,1909f56bfc062723c751e8b465ee728b)
Start importing Assets/01ImportAssets/Toon Shaders Pro/Demo/DemoScene.unity using Guid(911be6be89c63334595ad4ac54e63b96) Importer(815301076,1909f56bfc062723c751e8b465ee728b) (PreviewImporter) -> (artifact id: '6a1d3e63fc0337a2a96c3d2aa5269682') in 0.0008776 seconds
Number of updated asset objects reloaded before import = 0Number of asset objects unloaded after import = 0

========================================================================
Received Import Request.
  Time since last request: 21.641220 seconds.
  path: Assets/01ImportAssets/Toon Shaders Pro/Demo/Prefabs
  artifactKey: Guid(e7f1d1ed512c40a45b35c5897d4d5f84) Importer(815301076,1909f56bfc062723c751e8b465ee728b)
Start importing Assets/01ImportAssets/Toon Shaders Pro/Demo/Prefabs using Guid(e7f1d1ed512c40a45b35c5897d4d5f84) Importer(815301076,1909f56bfc062723c751e8b465ee728b) (PreviewImporter) -> (artifact id: 'c30bd08996d5a3bc8669cdb5a4f7838d') in 0.0016895 seconds
Number of updated asset objects reloaded before import = 0Number of asset objects unloaded after import = 0

========================================================================
Received Import Request.
  Time since last request: 0.053443 seconds.
  path: Assets/01ImportAssets/Toon Shaders Pro/Demo/Prefabs/Suzanne.prefab
  artifactKey: Guid(7ae8d254f58490346ad145c0ae521062) Importer(815301076,1909f56bfc062723c751e8b465ee728b)
Start importing Assets/01ImportAssets/Toon Shaders Pro/Demo/Prefabs/Suzanne.prefab using Guid(7ae8d254f58490346ad145c0ae521062) Importer(815301076,1909f56bfc062723c751e8b465ee728b) (PreviewImporter) -> (artifact id: 'ba0441002998408f2dfb8619af72f949') in 6.6760698 seconds
Number of updated asset objects reloaded before import = 0Number of asset objects unloaded after import = 10

========================================================================
Received Import Request.
  Time since last request: 0.000053 seconds.
  path: Assets/01ImportAssets/Toon Shaders Pro/Demo/Materials/Skybox.mat
  artifactKey: Guid(f401300109cdce347b61189a25219c02) Importer(815301076,1909f56bfc062723c751e8b465ee728b)
Start importing Assets/01ImportAssets/Toon Shaders Pro/Demo/Materials/Skybox.mat using Guid(f401300109cdce347b61189a25219c02) Importer(815301076,1909f56bfc062723c751e8b465ee728b) (PreviewImporter) -> (artifact id: 'cf4257e84fecbd2ad0c6967c5bb40aae') in 0.140129 seconds
Number of updated asset objects reloaded before import = 0Number of asset objects unloaded after import = 1

========================================================================
Received Import Request.
  Time since last request: 0.000072 seconds.
  path: Assets/01ImportAssets/Toon Shaders Pro/Demo/Materials/Toon (Graph).mat
  artifactKey: Guid(195d91a7d2f27614b8b34de1331538d8) Importer(815301076,1909f56bfc062723c751e8b465ee728b)
Start importing Assets/01ImportAssets/Toon Shaders Pro/Demo/Materials/Toon (Graph).mat using Guid(195d91a7d2f27614b8b34de1331538d8) Importer(815301076,1909f56bfc062723c751e8b465ee728b) (PreviewImporter) -> (artifact id: '4229b921aff722418f6e4ee266b0fc80') in 4.5639727 seconds
Number of updated asset objects reloaded before import = 0Number of asset objects unloaded after import = 11

========================================================================
Received Import Request.
  Time since last request: 0.000071 seconds.
  path: Assets/01ImportAssets/Toon Shaders Pro/Shaders/Toon
  artifactKey: Guid(cf2cac1a3ace0da4b8bc61adb0d1607a) Importer(815301076,1909f56bfc062723c751e8b465ee728b)
Start importing Assets/01ImportAssets/Toon Shaders Pro/Shaders/Toon using Guid(cf2cac1a3ace0da4b8bc61adb0d1607a) Importer(815301076,1909f56bfc062723c751e8b465ee728b) (PreviewImporter) -> (artifact id: 'f5a8369ac960ad6270344ca04e6e69d5') in 0.0014755 seconds
Number of updated asset objects reloaded before import = 0Number of asset objects unloaded after import = 0

========================================================================
Received Import Request.
  Time since last request: 0.000093 seconds.
  path: Assets/01ImportAssets/Toon Shaders Pro/Demo/Audio/rumble.wav
  artifactKey: Guid(f4f8b9f6d5b52334798a2de62d7e5a32) Importer(815301076,1909f56bfc062723c751e8b465ee728b)
Start importing Assets/01ImportAssets/Toon Shaders Pro/Demo/Audio/rumble.wav using Guid(f4f8b9f6d5b52334798a2de62d7e5a32) Importer(815301076,1909f56bfc062723c751e8b465ee728b) (PreviewImporter) -> (artifact id: '5a54b63f14e4fccdbb21d399769f60fd') in 0.0920461 seconds
Number of updated asset objects reloaded before import = 0Number of asset objects unloaded after import = 2

========================================================================
Received Import Request.
  Time since last request: 0.000078 seconds.
  path: Assets/01ImportAssets/Toon Shaders Pro/Demo/Materials/Lit.mat
  artifactKey: Guid(6506c3a05ba0ce843b0ae68832ca4357) Importer(815301076,1909f56bfc062723c751e8b465ee728b)
Start importing Assets/01ImportAssets/Toon Shaders Pro/Demo/Materials/Lit.mat using Guid(6506c3a05ba0ce843b0ae68832ca4357) Importer(815301076,1909f56bfc062723c751e8b465ee728b) (PreviewImporter) -> (artifact id: '81844a593a22d09d23d565e873a4c47e') in 0.0401558 seconds
Number of updated asset objects reloaded before import = 0Number of asset objects unloaded after import = 1

========================================================================
Received Import Request.
  Time since last request: 0.000052 seconds.
  path: Assets/01ImportAssets/Toon Shaders Pro/Demo/Materials/Transparent.mat
  artifactKey: Guid(a98494ffb0dba044abb738a8ee0a695c) Importer(815301076,1909f56bfc062723c751e8b465ee728b)
Start importing Assets/01ImportAssets/Toon Shaders Pro/Demo/Materials/Transparent.mat using Guid(a98494ffb0dba044abb738a8ee0a695c) Importer(815301076,1909f56bfc062723c751e8b465ee728b) (PreviewImporter) -> (artifact id: '579585a61842020e18d6bd0c37272e1f') in 3.7599647 seconds
Number of updated asset objects reloaded before import = 0Number of asset objects unloaded after import = 3

========================================================================
Received Import Request.
  Time since last request: 0.000057 seconds.
  path: Assets/01ImportAssets/Toon Shaders Pro/Shaders/Toon/Subgraphs
  artifactKey: Guid(7a28d2044f9a8f6448145dcc419cdd4c) Importer(815301076,1909f56bfc062723c751e8b465ee728b)
Start importing Assets/01ImportAssets/Toon Shaders Pro/Shaders/Toon/Subgraphs using Guid(7a28d2044f9a8f6448145dcc419cdd4c) Importer(815301076,1909f56bfc062723c751e8b465ee728b) (PreviewImporter) -> (artifact id: 'be8ef72fe66b59d2a9a8a0cc40a22854') in 0.0011768 seconds
Number of updated asset objects reloaded before import = 0Number of asset objects unloaded after import = 0

========================================================================
Received Import Request.
  Time since last request: 0.000038 seconds.
  path: Assets/01ImportAssets/Toon Shaders Pro/Shaders/Toon/Editor
  artifactKey: Guid(23c8db3aaf99a394eaa4e062d0b91fb6) Importer(815301076,1909f56bfc062723c751e8b465ee728b)
Start importing Assets/01ImportAssets/Toon Shaders Pro/Shaders/Toon/Editor using Guid(23c8db3aaf99a394eaa4e062d0b91fb6) Importer(815301076,1909f56bfc062723c751e8b465ee728b) (PreviewImporter) -> (artifact id: '1f85a31cac4626212d51b9765ae64952') in 0.0012665 seconds
Number of updated asset objects reloaded before import = 0Number of asset objects unloaded after import = 0

========================================================================
Received Import Request.
  Time since last request: 0.000038 seconds.
  path: Assets/01ImportAssets/Toon Shaders Pro/Demo/Materials/WormTeeth.mat
  artifactKey: Guid(f1994becacdb756478d66376f660d6f4) Importer(815301076,1909f56bfc062723c751e8b465ee728b)
Start importing Assets/01ImportAssets/Toon Shaders Pro/Demo/Materials/WormTeeth.mat using Guid(f1994becacdb756478d66376f660d6f4) Importer(815301076,1909f56bfc062723c751e8b465ee728b) (PreviewImporter) -> (artifact id: '5c4bfa1e65d7c44ae149eca0bf642633') in 0.042256 seconds
Number of updated asset objects reloaded before import = 0Number of asset objects unloaded after import = 3

========================================================================
Received Import Request.
  Time since last request: 0.000036 seconds.
  path: Assets/01ImportAssets/Toon Shaders Pro/Shaders/Toon/ToonInput.hlsl
  artifactKey: Guid(72c6837ed8e9dc64ea152ebd6b100e96) Importer(815301076,1909f56bfc062723c751e8b465ee728b)
Start importing Assets/01ImportAssets/Toon Shaders Pro/Shaders/Toon/ToonInput.hlsl using Guid(72c6837ed8e9dc64ea152ebd6b100e96) Importer(815301076,1909f56bfc062723c751e8b465ee728b) (PreviewImporter) -> (artifact id: 'b87c0786c2ff1c0dceadacef902b994b') in 0.0036677 seconds
Number of updated asset objects reloaded before import = 0Number of asset objects unloaded after import = 1

========================================================================
Received Import Request.
  Time since last request: 0.000043 seconds.
  path: Assets/01ImportAssets/Toon Shaders Pro/Demo/Materials/ToonMetallic.mat
  artifactKey: Guid(f93c418cd118f404583c870659248eec) Importer(815301076,1909f56bfc062723c751e8b465ee728b)
Start importing Assets/01ImportAssets/Toon Shaders Pro/Demo/Materials/ToonMetallic.mat using Guid(f93c418cd118f404583c870659248eec) Importer(815301076,1909f56bfc062723c751e8b465ee728b) (PreviewImporter) -> (artifact id: 'd7cacdef9d59c7090ee3b81033f36ba1') in 0.0323414 seconds
Number of updated asset objects reloaded before import = 0Number of asset objects unloaded after import = 3

========================================================================
Received Import Request.
  Time since last request: 3.364789 seconds.
  path: Assets/01ImportAssets/Toon Shaders Pro/Shaders/Toon/Toon (Graph).mat
  artifactKey: Guid(b86cd0b6f1b41104589fd8af8cd3ae83) Importer(815301076,1909f56bfc062723c751e8b465ee728b)
Start importing Assets/01ImportAssets/Toon Shaders Pro/Shaders/Toon/Toon (Graph).mat using Guid(b86cd0b6f1b41104589fd8af8cd3ae83) Importer(815301076,1909f56bfc062723c751e8b465ee728b) (PreviewImporter) -> (artifact id: '580ccb7208311745303b295b1dd37e49') in 2.4731616 seconds
Number of updated asset objects reloaded before import = 0Number of asset objects unloaded after import = 10

========================================================================
Received Import Request.
  Time since last request: 17.632250 seconds.
  path: Assets/01ImportAssets/Toon Shaders Pro/Demo/Meshes/worm.fbx
  artifactKey: Guid(cf57fe5fe1a95fe4badd4c805c4388cc) Importer(815301076,1909f56bfc062723c751e8b465ee728b)
Start importing Assets/01ImportAssets/Toon Shaders Pro/Demo/Meshes/worm.fbx using Guid(cf57fe5fe1a95fe4badd4c805c4388cc) Importer(815301076,1909f56bfc062723c751e8b465ee728b) (PreviewImporter) -> (artifact id: '63d8dbfe6d70a85db9a2ea7062668cad') in 0.311894 seconds
Number of updated asset objects reloaded before import = 0Number of asset objects unloaded after import = 73

========================================================================
Received Import Request.
  Time since last request: 9.682771 seconds.
  path: Assets/07.Shader/Electricity/ElectricityShader.shadergraph
  artifactKey: Guid(4fc54a181b9658444af53acedf2052ed) Importer(815301076,1909f56bfc062723c751e8b465ee728b)
Start importing Assets/07.Shader/Electricity/ElectricityShader.shadergraph using Guid(4fc54a181b9658444af53acedf2052ed) Importer(815301076,1909f56bfc062723c751e8b465ee728b) (PreviewImporter) -> (artifact id: 'c3f17fc35f45675d9dc7c51fb96be70f') in 0.0266625 seconds
Number of updated asset objects reloaded before import = 0Number of asset objects unloaded after import = 5

========================================================================
Received Import Request.
  Time since last request: 0.000050 seconds.
  path: Assets/01ImportAssets/TextMesh Pro/Shaders/TMP_SDF-URP Unlit.shadergraph
  artifactKey: Guid(124c112a6e8f1a54e8b0870e881b56d8) Importer(815301076,1909f56bfc062723c751e8b465ee728b)
Start importing Assets/01ImportAssets/TextMesh Pro/Shaders/TMP_SDF-URP Unlit.shadergraph using Guid(124c112a6e8f1a54e8b0870e881b56d8) Importer(815301076,1909f56bfc062723c751e8b465ee728b) (PreviewImporter) -> (artifact id: '6f0ccbf5af90da81bae45fd2343fe149') in 0.6115722 seconds
Number of updated asset objects reloaded before import = 0Number of asset objects unloaded after import = 3

========================================================================
Received Import Request.
  Time since last request: 10.250940 seconds.
  path: Assets/01ImportAssets/Hexagon/Hexagon.prefab
  artifactKey: Guid(86da383f679199e4a949469825523528) Importer(815301076,1909f56bfc062723c751e8b465ee728b)
Start importing Assets/01ImportAssets/Hexagon/Hexagon.prefab using Guid(86da383f679199e4a949469825523528) Importer(815301076,1909f56bfc062723c751e8b465ee728b) (PreviewImporter) -> (artifact id: '2ba73d571d75a82523001a82c26f3996') in 0.033738 seconds
Number of updated asset objects reloaded before import = 0Number of asset objects unloaded after import = 25

========================================================================
Received Import Request.
  Time since last request: 15.069136 seconds.
  path: Assets/01ImportAssets/Hexagon/Hexagon.prefab
  artifactKey: Guid(86da383f679199e4a949469825523528) Importer(815301076,1909f56bfc062723c751e8b465ee728b)
Start importing Assets/01ImportAssets/Hexagon/Hexagon.prefab using Guid(86da383f679199e4a949469825523528) Importer(815301076,1909f56bfc062723c751e8b465ee728b) (PreviewImporter) -> (artifact id: 'a256a3803250f0aef11ba9a95401e8d2') in 0.0221913 seconds
Number of updated asset objects reloaded before import = 0Number of asset objects unloaded after import = 25

========================================================================
Received Prepare
Begin MonoManager ReloadAssembly
[Licensing::Client] Successfully resolved entitlement details
Symbol file LoadedFromMemory is not a mono symbol file
- Loaded All Assemblies, in  1.471 seconds
Refreshing native plugins compatible for Editor in 8.34 ms, found 7 plugins.
Native extension for Android target not found
Native extension for WindowsStandalone target not found
Native extension for OSXStandalone target not found
[Package Manager] Failed to launch server process. Reason: Unity was launched with the -noUpm command-line argument
[Package Manager] Unable to send message (not connected to server process).
[Package Manager] Cannot connect to Unity Package Manager local server
ScheduleIndexationOnStartup MainProcess:False IndexOnStartup:True
Mono: successfully reloaded assembly
- Finished resetting the current domain, in  1.708 seconds
Domain Reload Profiling: 3183ms
	BeginReloadAssembly (373ms)
		ExecutionOrderSort (0ms)
		DisableScriptedObjects (39ms)
		BackupInstance (0ms)
		ReleaseScriptingObjects (0ms)
		CreateAndSetChildDomain (125ms)
	RebuildCommonClasses (51ms)
	RebuildNativeTypeToScriptingClass (15ms)
	initialDomainReloadingComplete (68ms)
	LoadAllAssembliesAndSetupDomain (966ms)
		LoadAssemblies (726ms)
		RebuildTransferFunctionScriptingTraits (0ms)
		AnalyzeDomain (361ms)
			TypeCache.Refresh (13ms)
				TypeCache.ScanAssembly (0ms)
			BuildScriptInfoCaches (326ms)
			ResolveRequiredComponents (14ms)
	FinalizeReload (1709ms)
		ReleaseScriptCaches (0ms)
		RebuildScriptCaches (0ms)
		SetupLoadedEditorAssemblies (1412ms)
			LogAssemblyErrors (0ms)
			InitializePlatformSupportModulesInManaged (15ms)
			SetLoadedEditorAssemblies (11ms)
			BeforeProcessingInitializeOnLoad (390ms)
			ProcessInitializeOnLoadAttributes (698ms)
			ProcessInitializeOnLoadMethodAttributes (288ms)
			AfterProcessingInitializeOnLoad (9ms)
			EditorAssembliesLoaded (1ms)
		ExecutionOrderSort2 (0ms)
		AwakeInstancesAfterBackupRestoration (47ms)
WARNING: Shader Unsupported: 'Hidden/Toon Shaders Pro/URP/Toon (Terrain Base Pass)' - All subshaders removed
WARNING: Shader Did you use #pragma only_renderers and omit this platform?
WARNING: Shader If subshaders removal was intentional, you may have forgotten turning Fallback off?
WARNING: Shader Unsupported: 'Hidden/Toon Shaders Pro/URP/Toon (Terrain Base Pass)' - All subshaders removed
WARNING: Shader Did you use #pragma only_renderers and omit this platform?
WARNING: Shader If subshaders removal was intentional, you may have forgotten turning Fallback off?
WARNING: Shader Unsupported: 'Toon Shaders Pro/URP/Toon (Terrain)' - All subshaders removed
WARNING: Shader Did you use #pragma only_renderers and omit this platform?
WARNING: Shader If subshaders removal was intentional, you may have forgotten turning Fallback off?
WARNING: Shader Unsupported: 'Toon Shaders Pro/URP/Toon (Terrain)' - All subshaders removed
WARNING: Shader Did you use #pragma only_renderers and omit this platform?
WARNING: Shader If subshaders removal was intentional, you may have forgotten turning Fallback off?
Refreshing native plugins compatible for Editor in 10.65 ms, found 7 plugins.
Preloading 0 native plugins for Editor in 0.00 ms.
Unloading 26 Unused Serialized files (Serialized files now loaded: 0)
Unloading 8929 unused Assets / (6.7 MB). Loaded Objects now: 9848.
Memory consumption went from 186.4 MB to 179.7 MB.
Total: 24.221200 ms (FindLiveObjects: 1.669500 ms CreateObjectMapping: 1.906100 ms MarkObjects: 11.679800 ms  DeleteObjects: 8.963800 ms)

Prepare: number of updated asset objects reloaded= 0
